gf22 annot file file called W303_LYZE_IGVoptimised_rf.gff is 5789 rows by 9 columns and has following features:
You can direct these name into a file wheereupon, you might like to edit it.
Then re-present these names to ths program with the -u option, whereupon only those names will be looked at
Note: only feature names without dot and underscore will be printed
LYZE01000001.1	165044	165089	.	TKP/TY	ABSENTIDCOL00000
LYZE01000001.1	165567	166890	.	TKP/TY	ABSENTIDCOL00001
LYZE01000002.1	31926	35967	.	TKP/TY	ABSENTIDCOL00002
LYZE01000002.1	171497	171734	.	PROTEIN	ABSENTIDCOL00003
LYZE01000002.1	224963	227438	.	TKP/TY	ABSENTIDCOL00004
LYZE01000002.1	227470	228397	.	TKP/TY	ABSENTIDCOL00005
LYZE01000002.1	326372	327695	.	TKP/TY	ABSENTIDCOL00006
LYZE01000002.1	332325	334017	.	TKP/TY	ABSENTIDCOL00007
LYZE01000002.1	334349	335630	.	TKP/TY	ABSENTIDCOL00008
LYZE01000002.1	665379	666702	.	TKP/TY	ABSENTIDCOL00009
LYZE01000003.1	2476	3403	.	RANGEONLY	ABSENTIDCOL00010
LYZE01000003.1	3664	3694	.	TKP/TY	ABSENTIDCOL00011
LYZE01000003.1	86465	90506	.	RANGEONLY	ABSENTIDCOL00012
LYZE01000003.1	102167	103451	.	PROTEIN	ABSENTIDCOL00013
LYZE01000003.1	122622	123096	.	RANGEONLY	ABSENTIDCOL00014
LYZE01000003.1	150955	152434	.	RANGEONLY	ABSENTIDCOL00015
LYZE01000003.1	152747	154070	.	TKP/TY	ABSENTIDCOL00016
LYZE01000003.1	179607	180930	.	TKP/TY	ABSENTIDCOL00017
LYZE01000003.1	181793	183116	.	TKP/TY	ABSENTIDCOL00018
LYZE01000003.1	297674	298202	.	PROTEIN	ABSENTIDCOL00019
LYZE01000003.1	311469	311829	.	PROTEIN	ABSENTIDCOL00020
LYZE01000003.1	312290	312572	.	PROTEIN	ABSENTIDCOL00021
LYZE01000003.1	312641	312788	.	PROTEIN	ABSENTIDCOL00022
LYZE01000003.1	315781	317338	.	PROTEIN	ABSENTIDCOL00023
LYZE01000003.1	336178	336994	.	PROTEIN	ABSENTIDCOL00024
LYZE01000003.1	337408	340402	.	PROTEIN	ABSENTIDCOL00025
LYZE01000004.1	2503	2785	.	PROTEIN	ABSENTIDCOL00026
LYZE01000004.1	6069	7878	.	PROTEIN	ABSENTIDCOL00027
LYZE01000004.1	8768	9842	.	PROTEIN	ABSENTIDCOL00028
LYZE01000004.1	11739	13443	.	PROTEIN	ABSENTIDCOL00029
LYZE01000004.1	16286	17309	.	PROTEIN	ABSENTIDCOL00030
LYZE01000004.1	17659	18118	.	RANGEONLY	ABSENTIDCOL00031
LYZE01000004.1	385353	385545	.	PROTEIN	ABSENTIDCOL00032
LYZE01000004.1	490405	490891	.	RANGEONLY	ABSENTIDCOL00033
LYZE01000004.1	507535	508498	.	PROTEIN	ABSENTIDCOL00034
LYZE01000004.1	509125	511498	.	PROTEIN	ABSENTIDCOL00035
LYZE01000004.1	513431	517472	.	RANGEONLY	ABSENTIDCOL00036
LYZE01000004.1	534581	537857	.	PROTEIN	ABSENTIDCOL00037
LYZE01000004.1	573022	573355	.	PROTEIN	ABSENTIDCOL00038
LYZE01000004.1	633697	633826	.	PROTEIN	ABSENTIDCOL00039
LYZE01000004.1	670886	672209	.	TKP/TY	ABSENTIDCOL00040
LYZE01000004.1	806278	807601	.	TKP/TY	ABSENTIDCOL00041
LYZE01000004.1	876470	880511	.	RANGEONLY	ABSENTIDCOL00042
LYZE01000004.1	885690	887013	.	TKP/TY	ABSENTIDCOL00043
LYZE01000004.1	888358	890497	.	PROTEIN	ABSENTIDCOL00044
LYZE01000004.1	986425	990466	.	RANGEONLY	ABSENTIDCOL00045
LYZE01000004.1	994717	996040	.	TKP/TY	ABSENTIDCOL00046
LYZE01000004.1	1099500	1103277	.	PROTEIN	ABSENTIDCOL00047
LYZE01000004.1	1103350	1104223	.	RANGEONLY	ABSENTIDCOL00048
LYZE01000004.1	1105229	1106552	.	TKP/TY	ABSENTIDCOL00049
LYZE01000004.1	1120198	1121302	.	PROTEIN	ABSENTIDCOL00050
LYZE01000004.1	1254609	1255902	.	PROTEIN	ABSENTIDCOL00051
LYZE01000004.1	1531301	1531841	.	PROTEIN	ABSENTIDCOL00052
LYZE01000004.1	1533830	1534865	.	PROTEIN	ABSENTIDCOL00053
LYZE01000004.1	1548092	1550174	.	PROTEIN	ABSENTIDCOL00054
LYZE01000004.1	1550308	1550623	.	PROTEIN	ABSENTIDCOL00055
LYZE01000004.1	1550757	1552413	.	RANGEONLY	ABSENTIDCOL00056
LYZE01000004.1	1553028	1553646	.	PROTEIN	ABSENTIDCOL00057
LYZE01000004.1	1555445	1560836	.	RANGEONLY	ABSENTIDCOL00058
LYZE01000004.1	1562069	1566209	.	PROTEIN	ABSENTIDCOL00059
LYZE01000004.1	1566324	1567422	.	RANGEONLY	ABSENTIDCOL00060
LYZE01000004.1	1568856	1574532	.	PROTEIN	ABSENTIDCOL00061
LYZE01000005.1	627	4461	.	PROTEIN	ABSENTIDCOL00062
LYZE01000005.1	4447	4963	.	PROTEIN	ABSENTIDCOL00063
LYZE01000005.1	5485	5752	.	PROTEIN	ABSENTIDCOL00064
LYZE01000005.1	5708	6077	.	PROTEIN	ABSENTIDCOL00065
LYZE01000005.1	85402	85903	.	RANGEONLY	ABSENTIDCOL00066
LYZE01000005.1	99370	99832	.	RANGEONLY	ABSENTIDCOL00067
LYZE01000005.1	434018	435341	.	RANGEONLY	ABSENTIDCOL00068
LYZE01000005.1	439605	440928	.	TKP/TY	ABSENTIDCOL00069
LYZE01000005.1	488752	490075	.	TKP/TY	ABSENTIDCOL00070
LYZE01000005.1	559990	560710	.	PROTEIN	ABSENTIDCOL00071
LYZE01000005.1	563105	563474	.	PROTEIN	ABSENTIDCOL00072
LYZE01000005.1	563595	568476	.	RANGEONLY	ABSENTIDCOL00073
LYZE01000005.1	569855	570197	.	PROTEIN	ABSENTIDCOL00074
LYZE01000005.1	570361	571285	.	RANGEONLY	ABSENTIDCOL00075
LYZE01000005.1	571289	571760	.	PROTEIN	ABSENTIDCOL00076
LYZE01000005.1	571756	572496	.	PROTEIN	ABSENTIDCOL00077
LYZE01000006.1	718	2527	.	PROTEIN	ABSENTIDCOL00078
LYZE01000006.1	4061	4370	.	PROTEIN	ABSENTIDCOL00079
LYZE01000006.1	4353	4878	.	PROTEIN	ABSENTIDCOL00080
LYZE01000006.1	6097	6553	.	RANGEONLY	ABSENTIDCOL00081
LYZE01000006.1	7457	8597	.	PROTEIN	ABSENTIDCOL00082
LYZE01000006.1	10576	10930	.	PROTEIN	ABSENTIDCOL00083
LYZE01000006.1	11333	12284	.	PROTEIN	ABSENTIDCOL00084
LYZE01000006.1	13570	14554	.	PROTEIN	ABSENTIDCOL00085
LYZE01000006.1	16534	17212	.	PROTEIN	ABSENTIDCOL00086
LYZE01000006.1	17290	17959	.	PROTEIN	ABSENTIDCOL00087
LYZE01000006.1	18352	19249	.	PROTEIN	ABSENTIDCOL00088
LYZE01000006.1	19918	20941	.	PROTEIN	ABSENTIDCOL00089
LYZE01000006.1	113712	114207	.	RANGEONLY	ABSENTIDCOL00090
LYZE01000006.1	146719	150760	.	RANGEONLY	ABSENTIDCOL00091
LYZE01000006.1	200310	201009	.	PROTEIN	ABSENTIDCOL00092
LYZE01000007.1	449667	451554	.	PROTEIN	ABSENTIDCOL00093
LYZE01000007.1	533138	534461	.	TKP/TY	ABSENTIDCOL00094
LYZE01000007.1	556858	557122	.	PROTEIN	ABSENTIDCOL00095
LYZE01000007.1	563272	564595	.	TKP/TY	ABSENTIDCOL00096
LYZE01000007.1	566222	568526	.	RANGEONLY	ABSENTIDCOL00097
LYZE01000007.1	652170	653892	.	PROTEIN	ABSENTIDCOL00098
LYZE01000007.1	699094	700417	.	PROTEIN	ABSENTIDCOL00099
LYZE01000007.1	702153	704364	.	RANGEONLY	ABSENTIDCOL00100
LYZE01000007.1	707178	708594	.	PROTEIN	ABSENTIDCOL00101
LYZE01000007.1	735046	736369	.	TKP/TY	ABSENTIDCOL00102
LYZE01000007.1	741139	745180	.	RANGEONLY	ABSENTIDCOL00103
LYZE01000008.1	2489	3530	.	PROTEIN	ABSENTIDCOL00104
LYZE01000008.1	3944	4760	.	PROTEIN	ABSENTIDCOL00105
LYZE01000008.1	6619	7765	.	PROTEIN	ABSENTIDCOL00106
LYZE01000008.1	8569	10432	.	PROTEIN	ABSENTIDCOL00107
LYZE01000008.1	12141	12504	.	PROTEIN	ABSENTIDCOL00108
LYZE01000008.1	13783	14491	.	PROTEIN	ABSENTIDCOL00109
LYZE01000008.1	15119	15632	.	PROTEIN	ABSENTIDCOL00110
LYZE01000008.1	52897	53698	.	PROTEIN	ABSENTIDCOL00111
LYZE01000008.1	107546	108314	.	PROTEIN	ABSENTIDCOL00112
LYZE01000008.1	209173	210238	.	RANGEONLY	ABSENTIDCOL00113
LYZE01000008.1	210522	210708	.	PROTEIN	ABSENTIDCOL00114
LYZE01000008.1	211172	212237	.	RANGEONLY	ABSENTIDCOL00115
LYZE01000008.1	212520	212706	.	PROTEIN	ABSENTIDCOL00116
LYZE01000008.1	213170	214235	.	RANGEONLY	ABSENTIDCOL00117
LYZE01000008.1	214518	214704	.	PROTEIN	ABSENTIDCOL00118
LYZE01000008.1	215168	216233	.	RANGEONLY	ABSENTIDCOL00119
LYZE01000008.1	216515	216701	.	PROTEIN	ABSENTIDCOL00120
LYZE01000008.1	217165	218230	.	RANGEONLY	ABSENTIDCOL00121
LYZE01000008.1	218513	218699	.	PROTEIN	ABSENTIDCOL00122
LYZE01000008.1	219163	220228	.	RANGEONLY	ABSENTIDCOL00123
LYZE01000008.1	220510	220696	.	PROTEIN	ABSENTIDCOL00124
LYZE01000008.1	221160	222225	.	RANGEONLY	ABSENTIDCOL00125
LYZE01000008.1	297170	297752	.	RANGEONLY	ABSENTIDCOL00126
LYZE01000008.1	298940	300653	.	PROTEIN	ABSENTIDCOL00127
LYZE01000008.1	302697	304476	.	PROTEIN	ABSENTIDCOL00128
LYZE01000008.1	305413	306109	.	RANGEONLY	ABSENTIDCOL00129
LYZE01000008.1	458886	459225	.	PROTEIN	ABSENTIDCOL00130
LYZE01000008.1	473249	473741	.	RANGEONLY	ABSENTIDCOL00131
LYZE01000008.1	545827	546322	.	RANGEONLY	ABSENTIDCOL00132
LYZE01000008.1	555978	557415	.	TKP/TY	ABSENTIDCOL00133
LYZE01000009.1	356	5006	.	PROTEIN	ABSENTIDCOL00134
LYZE01000009.1	5648	7418	.	PROTEIN	ABSENTIDCOL00135
LYZE01000009.1	8378	8708	.	PROTEIN	ABSENTIDCOL00136
LYZE01000009.1	11812	15136	.	PROTEIN	ABSENTIDCOL00137
LYZE01000009.1	18445	19078	.	PROTEIN	ABSENTIDCOL00138
LYZE01000009.1	19967	21596	.	PROTEIN	ABSENTIDCOL00139
LYZE01000009.1	23116	23716	.	PROTEIN	ABSENTIDCOL00140
LYZE01000009.1	58060	58198	.	PROTEIN	ABSENTIDCOL00141
LYZE01000009.1	117185	118040	.	RANGEONLY	ABSENTIDCOL00142
LYZE01000009.1	195769	196642	.	TKP/TY	ABSENTIDCOL00143
LYZE01000009.1	196715	200267	.	TKP/TY	ABSENTIDCOL00144
LYZE01000009.1	427623	428316	.	PROTEIN	ABSENTIDCOL00145
LYZE01000010.1	764	3863	.	PROTEIN	ABSENTIDCOL00146
LYZE01000010.1	4573	5692	.	PROTEIN	ABSENTIDCOL00147
LYZE01000010.1	5660	6842	.	PROTEIN	ABSENTIDCOL00148
LYZE01000010.1	9487	9850	.	PROTEIN	ABSENTIDCOL00149
LYZE01000010.1	12226	16876	.	PROTEIN	ABSENTIDCOL00150
LYZE01000010.1	17518	19288	.	PROTEIN	ABSENTIDCOL00151
LYZE01000010.1	60607	60934	.	PROTEIN	ABSENTIDCOL00152
LYZE01000010.1	199061	199742	.	TKP/TY	ABSENTIDCOL00153
LYZE01000010.1	360669	361992	.	TKP/TY	ABSENTIDCOL00154
LYZE01000010.1	482606	485027	.	RANGEONLY	ABSENTIDCOL00155
LYZE01000010.1	486141	487464	.	TKP/TY	ABSENTIDCOL00156
LYZE01000010.1	492062	493385	.	RANGEONLY	ABSENTIDCOL00157
LYZE01000010.1	493863	497331	.	TKP/TY	ABSENTIDCOL00158
LYZE01000010.1	497645	498968	.	TKP/TY	ABSENTIDCOL00159
LYZE01000010.1	575072	575450	.	PROTEIN	ABSENTIDCOL00160
LYZE01000011.1	2693	3065	.	PROTEIN	ABSENTIDCOL00161
LYZE01000011.1	4386	6504	.	PROTEIN	ABSENTIDCOL00162
LYZE01000011.1	6990	8412	.	PROTEIN	ABSENTIDCOL00163
LYZE01000011.1	9973	12109	.	PROTEIN	ABSENTIDCOL00164
LYZE01000011.1	15367	16591	.	PROTEIN	ABSENTIDCOL00165
LYZE01000011.1	18241	19222	.	PROTEIN	ABSENTIDCOL00166
LYZE01000011.1	23165	25016	.	PROTEIN	ABSENTIDCOL00167
LYZE01000011.1	26146	27091	.	PROTEIN	ABSENTIDCOL00168
LYZE01000011.1	208345	209668	.	TKP/TY	ABSENTIDCOL00169
LYZE01000011.1	467855	470171	.	PROTEIN	ABSENTIDCOL00170
LYZE01000011.1	527075	527828	.	PROTEIN	ABSENTIDCOL00171
LYZE01000011.1	588134	589880	.	TKP/TY	ABSENTIDCOL00172
LYZE01000011.1	593462	594791	.	RANGEONLY	ABSENTIDCOL00173
LYZE01000012.1	329	1088	.	RANGEONLY	ABSENTIDCOL00174
LYZE01000012.1	1059	1845	.	PROTEIN	ABSENTIDCOL00175
LYZE01000012.1	2043	2166	.	PROTEIN	ABSENTIDCOL00176
LYZE01000012.1	4716	5751	.	PROTEIN	ABSENTIDCOL00177
LYZE01000012.1	8112	11214	.	RANGEONLY	ABSENTIDCOL00178
LYZE01000012.1	11628	12444	.	PROTEIN	ABSENTIDCOL00179
LYZE01000012.1	13755	16749	.	RANGEONLY	ABSENTIDCOL00180
LYZE01000012.1	17163	17979	.	PROTEIN	ABSENTIDCOL00181
LYZE01000012.1	20717	21080	.	PROTEIN	ABSENTIDCOL00182
LYZE01000012.1	22282	23707	.	PROTEIN	ABSENTIDCOL00183
LYZE01000012.1	24273	25248	.	PROTEIN	ABSENTIDCOL00184
LYZE01000012.1	25590	27342	.	PROTEIN	ABSENTIDCOL00185
LYZE01000012.1	28772	29474	.	PROTEIN	ABSENTIDCOL00186
LYZE01000012.1	30108	30615	.	RANGEONLY	ABSENTIDCOL00187
LYZE01000012.1	31203	32931	.	PROTEIN	ABSENTIDCOL00188
LYZE01000012.1	33390	34629	.	PROTEIN	ABSENTIDCOL00189
LYZE01000012.1	35043	35940	.	PROTEIN	ABSENTIDCOL00190
LYZE01000012.1	37743	39339	.	PROTEIN	ABSENTIDCOL00191
LYZE01000012.1	40307	42839	.	PROTEIN	ABSENTIDCOL00192
LYZE01000012.1	43546	43996	.	PROTEIN	ABSENTIDCOL00193
LYZE01000012.1	177953	181994	.	RANGEONLY	ABSENTIDCOL00194
LYZE01000012.1	183986	184562	.	PROTEIN	ABSENTIDCOL00195
LYZE01000012.1	184865	185234	.	PROTEIN	ABSENTIDCOL00196
LYZE01000012.1	218168	218966	.	RANGEONLY	ABSENTIDCOL00197
LYZE01000012.1	234602	235925	.	TKP/TY	ABSENTIDCOL00198
LYZE01000012.1	236737	237349	.	PROTEIN	ABSENTIDCOL00199
LYZE01000012.1	458707	459448	.	PROTEIN	ABSENTIDCOL00200
LYZE01000012.1	459592	459781	.	PROTEIN	ABSENTIDCOL00201
LYZE01000012.1	459880	460186	.	PROTEIN	ABSENTIDCOL00202
LYZE01000012.1	460363	461833	.	PROTEIN	ABSENTIDCOL00203
LYZE01000012.1	463352	465545	.	PROTEIN	ABSENTIDCOL00204
LYZE01000012.1	466188	467010	.	PROTEIN	ABSENTIDCOL00205
LYZE01000012.1	467436	468459	.	PROTEIN	ABSENTIDCOL00206
LYZE01000012.1	468679	470410	.	PROTEIN	ABSENTIDCOL00207
LYZE01000012.1	634503	635376	.	RANGEONLY	ABSENTIDCOL00208
LYZE01000012.1	635449	639148	.	PROTEIN	ABSENTIDCOL00209
LYZE01000012.1	926710	930751	.	RANGEONLY	ABSENTIDCOL00210
LYZE01000012.1	960566	964091	.	RANGEONLY	ABSENTIDCOL00211
LYZE01000012.1	971016	971109	.	PROTEIN	ABSENTIDCOL00212
LYZE01000012.1	1051039	1053631	.	PROTEIN	ABSENTIDCOL00213
LYZE01000012.1	1055951	1058957	.	PROTEIN	ABSENTIDCOL00214
LYZE01000012.1	1065322	1065997	.	PROTEIN	ABSENTIDCOL00215
LYZE01000012.1	1066005	1066530	.	RANGEONLY	ABSENTIDCOL00216
LYZE01000012.1	1066678	1067779	.	PROTEIN	ABSENTIDCOL00217
LYZE01000012.1	1069558	1069726	.	PROTEIN	ABSENTIDCOL00218
LYZE01000012.1	1072521	1073130	.	PROTEIN	ABSENTIDCOL00219
LYZE01000012.1	1073652	1077801	.	RANGEONLY	ABSENTIDCOL00220
LYZE01000012.1	1079276	1082705	.	PROTEIN	ABSENTIDCOL00221
LYZE01000013.1	9219	9501	.	PROTEIN	ABSENTIDCOL00222
LYZE01000013.1	179055	180378	.	TKP/TY	ABSENTIDCOL00223
LYZE01000013.1	184637	185960	.	TKP/TY	ABSENTIDCOL00224
LYZE01000013.1	196805	198128	.	TKP/TY	ABSENTIDCOL00225
LYZE01000013.1	238518	238743	.	PROTEIN	ABSENTIDCOL00226
LYZE01000013.1	263808	264681	.	RANGEONLY	ABSENTIDCOL00227
LYZE01000013.1	283406	283874	.	RANGEONLY	ABSENTIDCOL00228
LYZE01000013.1	361627	362950	.	TKP/TY	ABSENTIDCOL00229
LYZE01000013.1	377325	378648	.	TKP/TY	ABSENTIDCOL00230
LYZE01000013.1	752836	754159	.	TKP/TY	ABSENTIDCOL00231
LYZE01000013.1	927026	929095	.	PROTEIN	ABSENTIDCOL00232
LYZE01000014.1	599	5987	.	PROTEIN	ABSENTIDCOL00233
LYZE01000014.1	6789	7404	.	RANGEONLY	ABSENTIDCOL00234
LYZE01000014.1	8759	9905	.	PROTEIN	ABSENTIDCOL00235
LYZE01000014.1	11880	12558	.	PROTEIN	ABSENTIDCOL00236
LYZE01000014.1	12636	13305	.	PROTEIN	ABSENTIDCOL00237
LYZE01000014.1	13697	14594	.	PROTEIN	ABSENTIDCOL00238
LYZE01000014.1	15263	16286	.	PROTEIN	ABSENTIDCOL00239
LYZE01000014.1	97453	98770	.	PROTEIN	ABSENTIDCOL00240
LYZE01000014.1	98726	102767	.	PROTEIN	ABSENTIDCOL00241
LYZE01000014.1	522993	525642	.	TKP/TY	ABSENTIDCOL00242
LYZE01000014.1	527820	530328	.	PROTEIN	ABSENTIDCOL00243
LYZE01000014.1	531510	532779	.	TKP/TY	ABSENTIDCOL00244
LYZE01000014.1	533256	534384	.	RANGEONLY	ABSENTIDCOL00245
LYZE01000014.1	535917	538641	.	TKP/TY	ABSENTIDCOL00246
LYZE01000014.1	538723	539251	.	RANGEONLY	ABSENTIDCOL00247
LYZE01000014.1	577065	581106	.	RANGEONLY	ABSENTIDCOL00248
LYZE01000014.1	634352	634625	.	PROTEIN	ABSENTIDCOL00249
LYZE01000014.1	680808	682737	.	RANGEONLY	ABSENTIDCOL00250
LYZE01000014.1	761430	761583	.	PROTEIN	ABSENTIDCOL00251
LYZE01000014.1	762740	764564	.	PROTEIN	ABSENTIDCOL00252
LYZE01000014.1	764933	765806	.	PROTEIN	ABSENTIDCOL00253
LYZE01000014.1	766887	767019	.	PROTEIN	ABSENTIDCOL00254
LYZE01000014.1	768549	770832	.	PROTEIN	ABSENTIDCOL00255
LYZE01000014.1	771549	774903	.	PROTEIN	ABSENTIDCOL00256
LYZE01000014.1	775866	778392	.	PROTEIN	ABSENTIDCOL00257
LYZE01000014.1	782057	783182	.	PROTEIN	ABSENTIDCOL00258
LYZE01000014.1	784058	784421	.	PROTEIN	ABSENTIDCOL00259
LYZE01000014.1	787065	788247	.	PROTEIN	ABSENTIDCOL00260
LYZE01000014.1	788215	792730	.	PROTEIN	ABSENTIDCOL00261
LYZE01000015.1	120075	123054	.	TKP/TY	ABSENTIDCOL00262
LYZE01000015.1	240478	240799	.	PROTEIN	ABSENTIDCOL00263
LYZE01000015.1	270089	270695	.	RANGEONLY	ABSENTIDCOL00264
LYZE01000015.1	595536	596859	.	TKP/TY	ABSENTIDCOL00265
LYZE01000015.1	705173	709214	.	RANGEONLY	ABSENTIDCOL00266
LYZE01000015.1	946022	947435	.	PROTEIN	ABSENTIDCOL00267
LYZE01000015.1	973322	977363	.	RANGEONLY	ABSENTIDCOL00268
LYZE01000015.1	1082625	1083258	.	PROTEIN	ABSENTIDCOL00269
LYZE01000015.1	1084386	1084881	.	PROTEIN	ABSENTIDCOL00270
LYZE01000015.1	1087482	1087995	.	PROTEIN	ABSENTIDCOL00271
LYZE01000015.1	1089757	1090834	.	PROTEIN	ABSENTIDCOL00272
LYZE01000015.1	1091572	1092886	.	PROTEIN	ABSENTIDCOL00273
LYZE01000015.1	1094056	1094551	.	PROTEIN	ABSENTIDCOL00274
LYZE01000015.1	1096811	1101113	.	PROTEIN	ABSENTIDCOL00275
LYZE01000015.1	1101100	1102201	.	PROTEIN	ABSENTIDCOL00276
LYZE01000015.1	1105230	1105659	.	PROTEIN	ABSENTIDCOL00277
LYZE01000015.1	1105882	1107601	.	PROTEIN	ABSENTIDCOL00278
LYZE01000015.1	1107767	1108329	.	RANGEONLY	ABSENTIDCOL00279
LYZE01000016.1	18920	19631	.	PROTEIN	ABSENTIDCOL00280
LYZE01000016.1	23489	25253	.	PROTEIN	ABSENTIDCOL00281
LYZE01000016.1	57296	58619	.	RANGEONLY	ABSENTIDCOL00282
LYZE01000016.1	65457	66780	.	TKP/TY	ABSENTIDCOL00283
LYZE01000016.1	101259	102582	.	TKP/TY	ABSENTIDCOL00284
LYZE01000016.1	206798	209897	.	RANGEONLY	ABSENTIDCOL00285
LYZE01000016.1	212568	215667	.	RANGEONLY	ABSENTIDCOL00286
LYZE01000016.1	218338	221425	.	RANGEONLY	ABSENTIDCOL00287
LYZE01000016.1	222049	222574	.	PROTEIN	ABSENTIDCOL00288
LYZE01000016.1	223267	223606	.	PROTEIN	ABSENTIDCOL00289
LYZE01000016.1	223800	224883	.	PROTEIN	ABSENTIDCOL00290
LYZE01000016.1	225025	225835	.	RANGEONLY	ABSENTIDCOL00291
LYZE01000016.1	226990	228313	.	TKP/TY	ABSENTIDCOL00292
LYZE01000016.1	309020	309149	.	PROTEIN	ABSENTIDCOL00293
LYZE01000016.1	608185	610348	.	PROTEIN	ABSENTIDCOL00294
LYZE01000016.1	612354	613596	.	RANGEONLY	ABSENTIDCOL00295
LYZE01000016.1	673326	673884	.	RANGEONLY	ABSENTIDCOL00296
LYZE01000016.1	790323	790392	.	PROTEIN	ABSENTIDCOL00297
LYZE01000016.1	976244	979712	.	TKP/TY	ABSENTIDCOL00298
LYZE01000016.1	980189	981245	.	RANGEONLY	ABSENTIDCOL00299
LYZE01000016.1	981621	982677	.	RANGEONLY	ABSENTIDCOL00300
LYZE01000016.1	983156	983513	.	TKP/TY	ABSENTIDCOL00301
LYZE01000016.1	983557	985066	.	TKP/TY	ABSENTIDCOL00302
LYZE01000017.1	10059	10224	.	PROTEIN	ABSENTIDCOL00303
LYZE01000017.1	10485	11109	.	RANGEONLY	ABSENTIDCOL00304
LYZE01000017.1	13737	14304	.	RANGEONLY	ABSENTIDCOL00305
LYZE01000017.1	14322	15015	.	RANGEONLY	ABSENTIDCOL00306
LYZE01000017.1	15139	15493	.	PROTEIN	ABSENTIDCOL00307
LYZE01000017.1	24709	24913	.	PROTEIN	ABSENTIDCOL00308
LYZE01000017.1	37311	37512	.	PROTEIN	ABSENTIDCOL00309
LYZE01000017.1	38880	39147	.	PROTEIN	ABSENTIDCOL00310
LYZE01000017.1	44694	44925	.	PROTEIN	ABSENTIDCOL00311
LYZE01000017.1	51984	52215	.	PROTEIN	ABSENTIDCOL00312
LYZE01000017.1	66136	66322	.	PROTEIN	ABSENTIDCOL00313
LYZE01000017.1	78890	79058	.	PROTEIN	ABSENTIDCOL00314
LYZE01000018.1	221	554	.	PROTEIN	ABSENTIDCOL00315
LYZE01000018.2	974	1607	.	RANGEONLY	ABSENTIDCOL00316
LYZE01000018.3	1674	2019	.	PROTEIN	ABSENTIDCOL00317
LYZE01000018.4	4316	5036	.	RANGEONLY	ABSENTIDCOL00318
LYZE01000018.5	5707	6300	.	PROTEIN	ABSENTIDCOL00319
Total number of annots in ABS feature category= 320, representing range of 434680 basepairs.
